<?xml version="1.0" encoding="UTF-8"?>
<!-- Generated by org.testng.reporters.JUnitReportReporter -->
<testsuite hostname="DESKTOP-KHFPL78" failures="0" tests="4" name="Mar_3.FacebookApp" time="19.321" errors="0" timestamp="2025-03-02T22:01:19 PST" skipped="0">
  <testcase classname="Mar_3.FacebookApp" name="verifylogin" time="4.144"/>
  <testcase classname="Mar_3.FacebookApp" name="verifylogin" time="4.915"/>
  <testcase classname="Mar_3.FacebookApp" name="verifylogin" time="5.130"/>
  <testcase classname="Mar_3.FacebookApp" name="verifylogin" time="5.132"/>
</testsuite> <!-- Mar_3.FacebookApp -->
