<?xml version="1.0" encoding="UTF-8"?>
<!-- Generated by org.testng.reporters.JUnitReportReporter -->
<testsuite hostname="DESKTOP-KHFPL78" failures="0" tests="4" name="TestCases.VerifyPage1" time="21.093" errors="0" timestamp="2025-03-03T02:08:24 PST" skipped="0">
  <testcase classname="TestCases.VerifyPage1" name="verifylogin" time="5.054"/>
  <testcase classname="TestCases.VerifyPage1" name="verifylogin" time="5.292"/>
  <testcase classname="TestCases.VerifyPage1" name="verifylogin" time="4.691"/>
  <testcase classname="TestCases.VerifyPage1" name="verifylogin" time="6.056"/>
</testsuite> <!-- TestCases.VerifyPage1 -->
